<?xml version="1.0" encoding="utf-8"?><testsuites name="pytest tests"><testsuite name="pytest" errors="0" failures="0" skipped="0" tests="10" time="6.184" timestamp="2026-04-28T20:03:19.920165+00:00" hostname="agent-env-3789c8a9-99d5-40b5-b113-0f1451b44ae1"><testcase classname="backend.tests.backend_test.TestHealth" name="test_root" time="0.613" /><testcase classname="backend.tests.backend_test.TestLessonsSignup" name="test_signup_valid_incepator" time="0.462" /><testcase classname="backend.tests.backend_test.TestLessonsSignup" name="test_signup_valid_mediu" time="0.239" /><testcase classname="backend.tests.backend_test.TestLessonsSignup" name="test_signup_valid_avansat" time="0.414" /><testcase classname="backend.tests.backend_test.TestLessonsSignup" name="test_signup_invalid_experience" time="0.288" /><testcase classname="backend.tests.backend_test.TestLessonsSignup" name="test_signup_invalid_email" time="0.379" /><testcase classname="backend.tests.backend_test.TestLessonsSignup" name="test_signup_list_no_objectid_leak" time="0.374" /><testcase classname="backend.tests.backend_test.TestContact" name="test_contact_valid" time="0.390" /><testcase classname="backend.tests.backend_test.TestContact" name="test_contact_invalid_email" time="0.213" /><testcase classname="backend.tests.backend_test.TestContact" name="test_contact_list_no_objectid_leak" time="0.412" /></testsuite></testsuites>